2021/06/16 23:28:37 [notice] 1#1: using the "epoll" event method
2021/06/16 23:28:37 [notice] 1#1: nginx/1.21.0
2021/06/16 23:28:37 [notice] 1#1: built by gcc 10.2.1 20201203 (Alpine 10.2.1_pre1) 
2021/06/16 23:28:37 [notice] 1#1: OS: Linux 5.4.72-microsoft-standard-WSL2
2021/06/16 23:28:37 [notice] 1#1: getrlimit(RLIMIT_NOFILE): 1048576:1048576
2021/06/16 23:28:37 [notice] 1#1: start worker processes
2021/06/16 23:28:37 [notice] 1#1: start worker process 23
2021/06/16 23:28:37 [notice] 1#1: start worker process 24
2021/06/16 23:28:37 [notice] 1#1: start worker process 25
2021/06/16 23:28:37 [notice] 1#1: start worker process 26
2021/06/17 13:11:00 [notice] 1#1: signal 3 (SIGQUIT) received, shutting down
2021/06/17 13:11:00 [notice] 23#23: gracefully shutting down
2021/06/17 13:11:00 [notice] 23#23: exiting
2021/06/17 13:11:00 [notice] 24#24: gracefully shutting down
2021/06/17 13:11:00 [notice] 26#26: gracefully shutting down
2021/06/17 13:11:00 [notice] 25#25: gracefully shutting down
2021/06/17 13:11:00 [notice] 26#26: exiting
2021/06/17 13:11:00 [notice] 24#24: exiting
2021/06/17 13:11:00 [notice] 26#26: exit
2021/06/17 13:11:00 [notice] 23#23: exit
2021/06/17 13:11:00 [notice] 25#25: exiting
2021/06/17 13:11:00 [notice] 25#25: exit
2021/06/17 13:11:00 [notice] 24#24: exit
2021/06/17 13:11:00 [notice] 1#1: signal 17 (SIGCHLD) received from 26
2021/06/17 13:11:00 [notice] 1#1: worker process 26 exited with code 0
2021/06/17 13:11:00 [notice] 1#1: signal 29 (SIGIO) received
2021/06/17 13:11:00 [notice] 1#1: signal 17 (SIGCHLD) received from 24
2021/06/17 13:11:00 [notice] 1#1: worker process 23 exited with code 0
2021/06/17 13:11:00 [notice] 1#1: worker process 24 exited with code 0
2021/06/17 13:11:00 [notice] 1#1: worker process 25 exited with code 0
2021/06/17 13:11:00 [notice] 1#1: exit
2021/06/17 14:08:23 [notice] 1#1: using the "epoll" event method
2021/06/17 14:08:23 [notice] 1#1: nginx/1.21.0
2021/06/17 14:08:23 [notice] 1#1: built by gcc 10.2.1 20201203 (Alpine 10.2.1_pre1) 
2021/06/17 14:08:23 [notice] 1#1: OS: Linux 5.4.72-microsoft-standard-WSL2
2021/06/17 14:08:23 [notice] 1#1: getrlimit(RLIMIT_NOFILE): 1048576:1048576
2021/06/17 14:08:23 [notice] 1#1: start worker processes
2021/06/17 14:08:23 [notice] 1#1: start worker process 23
2021/06/17 14:08:23 [notice] 1#1: start worker process 24
2021/06/17 14:08:23 [notice] 1#1: start worker process 25
2021/06/17 14:08:23 [notice] 1#1: start worker process 26
2021/06/17 14:23:35 [notice] 1#1: signal 3 (SIGQUIT) received, shutting down
2021/06/17 14:23:35 [notice] 23#23: gracefully shutting down
2021/06/17 14:23:35 [notice] 23#23: exiting
2021/06/17 14:23:35 [notice] 25#25: gracefully shutting down
2021/06/17 14:23:35 [notice] 25#25: exiting
2021/06/17 14:23:35 [notice] 26#26: gracefully shutting down
2021/06/17 14:23:35 [notice] 24#24: gracefully shutting down
2021/06/17 14:23:35 [notice] 23#23: exit
2021/06/17 14:23:35 [notice] 25#25: exit
2021/06/17 14:23:35 [notice] 26#26: exiting
2021/06/17 14:23:35 [notice] 26#26: exit
2021/06/17 14:23:35 [notice] 24#24: exiting
2021/06/17 14:23:35 [notice] 24#24: exit
2021/06/17 14:23:35 [notice] 1#1: signal 17 (SIGCHLD) received from 23
2021/06/17 14:23:35 [notice] 1#1: worker process 23 exited with code 0
2021/06/17 14:23:35 [notice] 1#1: worker process 24 exited with code 0
2021/06/17 14:23:35 [notice] 1#1: worker process 25 exited with code 0
2021/06/17 14:23:35 [notice] 1#1: signal 29 (SIGIO) received
2021/06/17 14:23:35 [notice] 1#1: signal 17 (SIGCHLD) received from 26
2021/06/17 14:23:35 [notice] 1#1: worker process 26 exited with code 0
2021/06/17 14:23:35 [notice] 1#1: exit
2021/06/17 14:36:18 [notice] 1#1: using the "epoll" event method
2021/06/17 14:36:18 [notice] 1#1: nginx/1.21.0
2021/06/17 14:36:18 [notice] 1#1: built by gcc 10.2.1 20201203 (Alpine 10.2.1_pre1) 
2021/06/17 14:36:18 [notice] 1#1: OS: Linux 5.4.72-microsoft-standard-WSL2
2021/06/17 14:36:18 [notice] 1#1: getrlimit(RLIMIT_NOFILE): 1048576:1048576
2021/06/17 14:36:18 [notice] 1#1: start worker processes
2021/06/17 14:36:18 [notice] 1#1: start worker process 24
2021/06/17 14:36:18 [notice] 1#1: start worker process 25
2021/06/17 14:36:18 [notice] 1#1: start worker process 26
2021/06/17 14:36:18 [notice] 1#1: start worker process 27
2021/06/17 16:41:47 [notice] 1#1: signal 3 (SIGQUIT) received, shutting down
2021/06/17 16:41:47 [notice] 24#24: gracefully shutting down
2021/06/17 16:41:47 [notice] 25#25: gracefully shutting down
2021/06/17 16:41:47 [notice] 27#27: gracefully shutting down
2021/06/17 16:41:47 [notice] 26#26: gracefully shutting down
2021/06/17 16:41:47 [notice] 24#24: exiting
2021/06/17 16:41:47 [notice] 25#25: exiting
2021/06/17 16:41:47 [notice] 27#27: exiting
2021/06/17 16:41:47 [notice] 26#26: exiting
2021/06/17 16:41:47 [notice] 24#24: exit
2021/06/17 16:41:47 [notice] 25#25: exit
2021/06/17 16:41:47 [notice] 27#27: exit
2021/06/17 16:41:47 [notice] 26#26: exit
2021/06/17 16:41:47 [notice] 1#1: signal 17 (SIGCHLD) received from 24
2021/06/17 16:41:47 [notice] 1#1: worker process 24 exited with code 0
2021/06/17 16:41:47 [notice] 1#1: signal 29 (SIGIO) received
2021/06/17 16:41:47 [notice] 1#1: signal 17 (SIGCHLD) received from 27
2021/06/17 16:41:47 [notice] 1#1: worker process 26 exited with code 0
2021/06/17 16:41:47 [notice] 1#1: worker process 25 exited with code 0
2021/06/17 16:41:47 [notice] 1#1: worker process 27 exited with code 0
2021/06/17 16:41:47 [notice] 1#1: exit
2021/06/17 16:59:48 [notice] 1#1: using the "epoll" event method
2021/06/17 16:59:48 [notice] 1#1: nginx/1.21.0
2021/06/17 16:59:48 [notice] 1#1: built by gcc 10.2.1 20201203 (Alpine 10.2.1_pre1) 
2021/06/17 16:59:48 [notice] 1#1: OS: Linux 5.4.72-microsoft-standard-WSL2
2021/06/17 16:59:48 [notice] 1#1: getrlimit(RLIMIT_NOFILE): 1048576:1048576
2021/06/17 16:59:48 [notice] 1#1: start worker processes
2021/06/17 16:59:48 [notice] 1#1: start worker process 24
2021/06/17 16:59:48 [notice] 1#1: start worker process 25
2021/06/17 16:59:48 [notice] 1#1: start worker process 26
2021/06/17 16:59:48 [notice] 1#1: start worker process 27
2021/06/17 19:13:46 [notice] 1#1: signal 3 (SIGQUIT) received, shutting down
2021/06/17 19:13:46 [notice] 24#24: gracefully shutting down
2021/06/17 19:13:46 [notice] 27#27: gracefully shutting down
2021/06/17 19:13:46 [notice] 26#26: gracefully shutting down
2021/06/17 19:13:46 [notice] 25#25: gracefully shutting down
2021/06/17 19:13:46 [notice] 26#26: exiting
2021/06/17 19:13:46 [notice] 24#24: exiting
2021/06/17 19:13:46 [notice] 25#25: exiting
2021/06/17 19:13:46 [notice] 24#24: exit
2021/06/17 19:13:46 [notice] 25#25: exit
2021/06/17 19:13:46 [notice] 26#26: exit
2021/06/17 19:13:46 [notice] 27#27: exiting
2021/06/17 19:13:46 [notice] 27#27: exit
2021/06/17 19:13:47 [notice] 1#1: signal 17 (SIGCHLD) received from 24
2021/06/17 19:13:47 [notice] 1#1: worker process 24 exited with code 0
2021/06/17 19:13:47 [notice] 1#1: worker process 25 exited with code 0
2021/06/17 19:13:47 [notice] 1#1: worker process 26 exited with code 0
2021/06/17 19:13:47 [notice] 1#1: worker process 27 exited with code 0
2021/06/17 19:13:47 [notice] 1#1: exit
